#
# There is insufficient memory for the Java Runtime Environment to continue.
# Native memory allocation (malloc) failed to allocate 1048576 bytes for E in C:\jdk7u2_64p\jdk7u21\hotspot\src\share\vm\utilities/taskqueue.hpp
# Possible reasons:
#   The system is out of physical RAM or swap space
#   In 32 bit mode, the process size limit was hit
# Possible solutions:
#   Reduce memory load on the system
#   Increase physical memory or swap space
#   Check if swap backing store is full
#   Use 64 bit Java on a 64 bit OS
#   Decrease Java heap size (-Xmx/-Xms)
#   Decrease number of Java threads
#   Decrease Java thread stack sizes (-Xss)
#   Set larger code cache with -XX:ReservedCodeCacheSize=
# This output file may be truncated or incomplete.
#
#  Out of Memory Error (memory/allocation.inline.hpp:58), pid=9748, tid=6460
#
# JRE version: 7.0_21-b11
# Java VM: Java HotSpot(TM) 64-Bit Server VM (23.21-b01 mixed mode windows-amd64 compressed oops)
# Failed to write core dump. Minidumps are not enabled by default on client versions of Windows
#

---------------  T H R E A D  ---------------

Current thread (0x000000000018c800):  JavaThread "Unknown thread" [_thread_in_vm, id=6460, stack(0x0000000002460000,0x0000000002560000)]

Stack: [0x0000000002460000,0x0000000002560000]

---------------  P R O C E S S  ---------------

Java Threads: ( => current thread )

Other Threads:

=>0x000000000018c800 (exited) JavaThread "Unknown thread" [_thread_in_vm, id=6460, stack(0x0000000002460000,0x0000000002560000)]

VM state:not at safepoint (normal execution)

VM Mutex/Monitor currently owned by a thread: None

Heap
 PSYoungGen      total 76288K, used 1308K [0x00000007aad60000, 0x00000007b0280000, 0x0000000800000000)
  eden space 65408K, 2% used [0x00000007aad60000,0x00000007aaea7110,0x00000007aed40000)
  from space 10880K, 0% used [0x00000007af7e0000,0x00000007af7e0000,0x00000007b0280000)
  to   space 10880K, 0% used [0x00000007aed40000,0x00000007aed40000,0x00000007af7e0000)
 ParOldGen       total 174400K, used 0K [0x0000000700800000, 0x000000070b250000, 0x00000007aad60000)
  object space 174400K, 0% used [0x0000000700800000,0x0000000700800000,0x000000070b250000)
 PSPermGen       total 21248K, used 686K [0x00000006fb600000, 0x00000006fcac0000, 0x0000000700800000)
  object space 21248K, 3% used [0x00000006fb600000,0x00000006fb6ab8b8,0x00000006fcac0000)

Card table byte_map: [0x0000000005560000,0x0000000005d90000] byte_map_base: 0x0000000001d85000

Polling page: 0x0000000000130000

Code Cache  [0x0000000002560000, 0x00000000027d0000, 0x0000000005560000)
 total_blobs=39 nmethods=0 adapters=20 free_code_cache=48889Kb largest_free_block=50062912

Compilation events (0 events):
No events

GC Heap History (0 events):
No events

Deoptimization events (0 events):
No events

Internal exceptions (0 events):
No events

Events (10 events):
Event: 0.021 loading class 0x000000000219e3f0
Event: 0.021 loading class 0x000000000219e3f0 done
Event: 0.021 loading class 0x000000000219e450
Event: 0.021 loading class 0x000000000219e450 done
Event: 0.021 loading class 0x000000000219e480
Event: 0.021 loading class 0x000000000219e480 done
Event: 0.022 loading class 0x00000000021520b0
Event: 0.022 loading class 0x00000000021520b0 done
Event: 0.022 loading class 0x0000000002151c70
Event: 0.022 loading class 0x0000000002151c70 done


Dynamic libraries:
0x000000013f820000 - 0x000000013f853000 	G:\eclipse\jre\bin\javaw.exe
0x00000000778c0000 - 0x0000000077a69000 	C:\Windows\SYSTEM32\ntdll.dll
0x00000000776a0000 - 0x00000000777bf000 	C:\Windows\system32\kernel32.dll
0x000007fefc8c0000 - 0x000007fefc92b000 	C:\Windows\system32\KERNELBASE.dll
0x000007fefcd40000 - 0x000007fefce1b000 	C:\Windows\system32\ADVAPI32.dll
0x000007fefea60000 - 0x000007fefeaff000 	C:\Windows\system32\msvcrt.dll
0x000007fefedd0000 - 0x000007fefedef000 	C:\Windows\SYSTEM32\sechost.dll
0x000007fefcaf0000 - 0x000007fefcc1d000 	C:\Windows\system32\RPCRT4.dll
0x00000000777c0000 - 0x00000000778ba000 	C:\Windows\system32\USER32.dll
0x000007fefe000000 - 0x000007fefe067000 	C:\Windows\system32\GDI32.dll
0x000007fefced0000 - 0x000007fefcede000 	C:\Windows\system32\LPK.dll
0x000007fefe1d0000 - 0x000007fefe299000 	C:\Windows\system32\USP10.dll
0x000007fefac30000 - 0x000007fefae24000 	C:\Windows\WinSxS\amd64_microsoft.windows.common-controls_6595b64144ccf1df_6.0.7601.17514_none_fa396087175ac9ac\COMCTL32.dll
0x000007fefcc20000 - 0x000007fefcc91000 	C:\Windows\system32\SHLWAPI.dll
0x000007fefce20000 - 0x000007fefce4e000 	C:\Windows\system32\IMM32.DLL
0x000007fefdef0000 - 0x000007fefdff9000 	C:\Windows\system32\MSCTF.dll
0x0000000054c00000 - 0x0000000054cd1000 	G:\eclipse\jre\bin\msvcr100.dll
0x0000000055160000 - 0x0000000055881000 	G:\eclipse\jre\bin\server\jvm.dll
0x000007fee89d0000 - 0x000007fee89d9000 	C:\Windows\system32\WSOCK32.dll
0x000007fefdea0000 - 0x000007fefdeed000 	C:\Windows\system32\WS2_32.dll
0x000007fefed60000 - 0x000007fefed68000 	C:\Windows\system32\NSI.dll
0x000007fef9850000 - 0x000007fef988b000 	C:\Windows\system32\WINMM.dll
0x0000000077a80000 - 0x0000000077a87000 	C:\Windows\system32\PSAPI.DLL
0x0000000066f40000 - 0x0000000066f4f000 	G:\eclipse\jre\bin\verify.dll
0x00000000565a0000 - 0x00000000565c8000 	G:\eclipse\jre\bin\java.dll
0x0000000055140000 - 0x0000000055155000 	G:\eclipse\jre\bin\zip.dll

VM Arguments:
jvm_args: -Dfile.encoding=Cp1252 
java_command: vehicleCaller
Launcher Type: SUN_STANDARD

Environment Variables:



---------------  S Y S T E M  ---------------

OS: Windows 7 , 64 bit Build 7601 Service Pack 1

CPU:total 8 (8 cores per cpu, 1 threads per core) family 21 model 1 stepping 2, cmov, cx8, fxsr, mmx, sse, sse2, sse3, ssse3, sse4.1, sse4.2, popcnt, avx, mmxext, 3dnowpref, lzcnt, sse4a, tsc, tscinvbit, tscinv

Memory: 4k page, physical 16737620k(11101144k free), swap 16735756k(5092k free)

vm_info: Java HotSpot(TM) 64-Bit Server VM (23.21-b01) for windows-amd64 JRE (1.7.0_21-b11), built on Apr  4 2013 08:11:28 by "java_re" with unknown MS VC++:1600

time: Tue May 06 19:45:57 2014
elapsed time: 0 seconds

